<?xml version="1.0" encoding="UTF-8"?>
<!-- Generated by org.testng.reporters.JUnitReportReporter -->
<testsuite skipped="1" hostname="onkarb" name="impactXchange.Impact_exchange_runner" tests="1" failures="0" timestamp="22 Oct 2019 08:58:47 GMT" time="0.000" errors="0">
  <testcase name="feature" time="0.000" classname="impactXchange.Impact_exchange_runner">
    <skipped/>
  </testcase> <!-- feature -->
</testsuite> <!-- impactXchange.Impact_exchange_runner -->
