<?xml version="1.0" encoding="UTF-8"?>
<!-- Generated by org.testng.reporters.JUnitReportReporter -->
<testsuite skipped="0" hostname="onkarb" name="testng_framework.Login_testng" tests="1" failures="0" timestamp="17 Oct 2019 13:16:27 GMT" time="22.580" errors="0">
  <testcase name="s1" time="22.580" classname="testng_framework.Login_testng"/>
</testsuite> <!-- testng_framework.Login_testng -->
