<?xml version="1.0" encoding="UTF-8"?>
<!-- Generated by org.testng.reporters.JUnitReportReporter -->
<testsuite skipped="0" hostname="onkarb" name="impactXchange.Impact_exchange_runner" tests="1" failures="0" timestamp="01 Nov 2019 07:14:57 GMT" time="179.872" errors="0">
  <testcase name="feature" time="179.872" classname="impactXchange.Impact_exchange_runner"/>
</testsuite> <!-- impactXchange.Impact_exchange_runner -->
