<?xml version="1.0" encoding="UTF-8"?>
<!-- Generated by org.testng.reporters.JUnitReportReporter -->
<testsuite skipped="0" hostname="onkarb" name="testng_framework.Login_testng" tests="1" failures="0" timestamp="24 Oct 2019 09:02:04 GMT" time="43.774" errors="0">
  <testcase name="s1" time="43.774" classname="testng_framework.Login_testng"/>
</testsuite> <!-- testng_framework.Login_testng -->
