<?xml version="1.0" encoding="UTF-8"?>
<!-- Generated by org.testng.reporters.JUnitReportReporter -->
<testsuite skipped="0" hostname="onkarb" name="concession.Concession_runner" tests="1" failures="0" timestamp="23 Aug 2019 09:03:42 GMT" time="9.243" errors="0">
  <testcase name="feature" time="9.243" classname="concession.Concession_runner"/>
</testsuite> <!-- concession.Concession_runner -->
