<?xml version="1.0" encoding="UTF-8"?>
<!-- Generated by org.testng.reporters.JUnitReportReporter -->
<testsuite skipped="0" hostname="onkarb" name="impactXchange.Impact_exchange_runner" tests="1" failures="0" timestamp="03 Oct 2019 10:23:47 GMT" time="0.158" errors="0">
  <testcase name="feature" time="0.158" classname="impactXchange.Impact_exchange_runner"/>
</testsuite> <!-- impactXchange.Impact_exchange_runner -->
