<?xml version="1.0" encoding="UTF-8"?>
<!-- Generated by org.testng.reporters.JUnitReportReporter -->
<testsuite skipped="0" hostname="onkarb" name="runner.Test_runner" tests="1" failures="0" timestamp="16 Aug 2019 10:37:19 GMT" time="43.923" errors="0">
  <testcase name="feature" time="43.923" classname="runner.Test_runner"/>
</testsuite> <!-- runner.Test_runner -->
